#
# A fatal error has been detected by the Java Runtime Environment:
#
#  EXCEPTION_ACCESS_VIOLATION (0xc0000005) at pc=0x00007ffa2f0feaeb, pid=7424, tid=2744
#
# JRE version: Java(TM) SE Runtime Environment (19.0.2+7) (build 19.0.2+7-44)
# Java VM: Java HotSpot(TM) 64-Bit Server VM (19.0.2+7-44, mixed mode, sharing, tiered, compressed oops, compressed class ptrs, g1 gc, windows-amd64)
# Problematic frame:
# V  [jvm.dll+0x3eeaeb]
#
# No core dump will be written. Minidumps are not enabled by default on client versions of Windows
#
# If you would like to submit a bug report, please visit:
#   https://bugreport.java.com/bugreport/crash.jsp
#

---------------  S U M M A R Y ------------

Command Line: -agentlib:jdwp=transport=dt_socket,server=n,suspend=y,address=localhost:61326 --enable-preview -XX:+ShowCodeDetailsInExceptionMessages pattern

Host: Intel(R) Core(TM) i3-6006U CPU @ 2.00GHz, 4 cores, 7G,  Windows 10 , 64 bit Build 19041 (10.0.19041.2364)
Time: Wed Feb 15 13:30:34 2023 India Standard Time elapsed time: 1.628442 seconds (0d 0h 0m 1s)

---------------  T H R E A D  ---------------

Current thread (0x0000026ea90d1ec0):  JavaThread "JDWP Transport Listener: dt_socket" daemon [_thread_in_vm, id=2744, stack(0x000000e247600000,0x000000e247700000)] _threads_hazard_ptr=0x0000026ea90dddd0

Stack: [0x000000e247600000,0x000000e247700000],  sp=0x000000e2476ff7e0,  free space=1021k
Native frames: (J=compiled Java code, j=interpreted, Vv=VM code, C=native code)
V  [jvm.dll+0x3eeaeb]
V  [jvm.dll+0x574e2a]
V  [jvm.dll+0x538e8d]
C  [jdwp.dll+0x8a6c]


siginfo: EXCEPTION_ACCESS_VIOLATION (0xc0000005), reading address 0x000000000000000c


Registers:
RAX=0x000000000000000c, RBX=0x0000026ea9018ea0, RCX=0x0000000000000000, RDX=0x0000000000000044
RSP=0x000000e2476ff7e0, RBP=0x0000026ea4bed768, RSI=0x0000000000000000, RDI=0x0000000000000000
R8 =0x000000000000000e, R9 =0x000000000000000f, R10=0x00007ffa625e0000, R11=0x000000e2476ff8e8
R12=0x0000000000000000, R13=0x0000026ea90af4a0, R14=0x0000026ea90d1ec0, R15=0x0000000000000028
RIP=0x00007ffa2f0feaeb, EFLAGS=0x0000000000010246


Register to memory mapping:

RIP=0x00007ffa2f0feaeb jvm.dll
RAX=0x000000000000000c is an unknown value
RBX=0x0000026ea9018ea0 points into unknown readable memory: 0x0000000089cc83d0 | d0 83 cc 89 00 00 00 00
RCX=0x0 is NULL
RDX=0x0000000000000044 is an unknown value
RSP=0x000000e2476ff7e0 is pointing into the stack for thread: 0x0000026ea90d1ec0
RBP=0x0000026ea4bed768 is a global jni handle
RSI=0x0 is NULL
RDI=0x0 is NULL
R8 =0x000000000000000e is an unknown value
R9 =0x000000000000000f is an unknown value
R10=0x00007ffa625e0000 VCRUNTIME140.dll
R11=0x000000e2476ff8e8 is pointing into the stack for thread: 0x0000026ea90d1ec0
R12=0x0 is NULL
R13=0x0000026ea90af4a0 points into unknown readable memory: 0x0000001700000002 | 02 00 00 00 17 00 00 00
R14=0x0000026ea90d1ec0 is a thread
R15=0x0000000000000028 is an unknown value


Top of Stack: (sp=0x000000e2476ff7e0)
0x000000e2476ff7e0:   000000e2476ff860 0000000000000068
0x000000e2476ff7f0:   0000026e86cabf00 00007ffa2f3f0c23
0x000000e2476ff800:   0000026ea4bed768 00007ffa2f284e2a
0x000000e2476ff810:   0000026ea4c0e6c0 0000026ea4bed768
0x000000e2476ff820:   0000000000000068 0000000000000068
0x000000e2476ff830:   0000000089cc83d0 0000026ea90fd8c0
0x000000e2476ff840:   0000026ea4c10980 00000000000003d8
0x000000e2476ff850:   0000026ea4c10990 0000026ea4c10d68
0x000000e2476ff860:   0000000000000000 0000026ea90d1ec0
0x000000e2476ff870:   0000026ea90dddd0 00007ffa2f2a0101
0x000000e2476ff880:   0000000000000000 00007ffa2f516fcb
0x000000e2476ff890:   0000026ea90cfc00 0000026ea90d1ec0
0x000000e2476ff8a0:   0000026ea90af5e0 0000026ea9018e90
0x000000e2476ff8b0:   0000026ea9018ea0 0000026ea9018f78
0x000000e2476ff8c0:   00000000000000d8 000000e2476ffd00
0x000000e2476ff8d0:   0000026ea90d1ec0 000000000000000b 

Instructions: (pc=0x00007ffa2f0feaeb)
0x00007ffa2f0fe9eb:   e8 00 00 00 48 8d 4c 24 48 e8 57 bf f1 ff 48 85
0x00007ffa2f0fe9fb:   f6 0f 84 95 00 00 00 e9 25 fb ff ff 48 8b 7c 24
0x00007ffa2f0fea0b:   58 48 85 ff 74 d4 48 8b 8b 58 02 00 00 48 8b 71
0x00007ffa2f0fea1b:   18 48 8b 41 20 48 2b c6 48 83 f8 08 72 0a 48 8d
0x00007ffa2f0fea2b:   46 08 48 89 41 18 eb 0f 45 33 c0 41 8d 50 08 e8
0x00007ffa2f0fea3b:   e1 b3 cd ff 48 8b f0 48 89 3e 48 85 f6 74 9d 48
0x00007ffa2f0fea4b:   8b bc 24 e8 00 00 00 48 8d 15 d7 40 5b 00 48 8b
0x00007ffa2f0fea5b:   cf e8 ef 15 30 00 48 8b 0e 48 8b d7 e8 34 f1 ff
0x00007ffa2f0fea6b:   ff 48 8b cf e8 1c 07 30 00 e9 76 ff ff ff 48 8b
0x00007ffa2f0fea7b:   07 48 8d 15 8d 40 5b 00 41 b8 1d 00 00 00 48 8b
0x00007ffa2f0fea8b:   cf ff 50 08 48 8b cf e8 f9 06 30 00 4c 8b b4 24
0x00007ffa2f0fea9b:   a0 00 00 00 4c 8b ac 24 a8 00 00 00 4c 8b a4 24
0x00007ffa2f0feaab:   b0 00 00 00 48 8b ac 24 b8 00 00 00 4c 8b bc 24
0x00007ffa2f0feabb:   98 00 00 00 48 81 c4 c0 00 00 00 5f 5e 5b c3 cc
0x00007ffa2f0feacb:   cc cc cc cc cc 48 83 ec 28 48 63 15 bd b1 7e 00
0x00007ffa2f0feadb:   ff 15 cf 38 76 00 48 8b c8 48 63 05 e1 b1 7e 00
0x00007ffa2f0feaeb:   8b 04 08 48 83 c4 28 c3 cc cc cc cc cc cc cc cc
0x00007ffa2f0feafb:   cc cc cc cc cc 48 63 15 51 b1 7e 00 48 ff 25 a2
0x00007ffa2f0feb0b:   38 76 00 cc cc 40 53 48 83 ec 20 48 63 da 48 63
0x00007ffa2f0feb1b:   15 78 b3 7e 00 ff 15 8a 38 76 00 80 3d 19 97 7e
0x00007ffa2f0feb2b:   00 00 b9 10 00 00 00 44 8d 41 08 74 1e 80 3d 08
0x00007ffa2f0feb3b:   97 7e 00 00 44 0f 45 c1 48 8b c8 49 8d 14 98 48
0x00007ffa2f0feb4b:   83 c4 20 5b 48 ff 25 12 10 76 00 80 3d ea 96 7e
0x00007ffa2f0feb5b:   00 00 4c 0f 45 c1 48 8b c8 49 8d 14 d8 48 83 c4
0x00007ffa2f0feb6b:   20 5b 48 ff 25 f4 0f 76 00 cc cc cc cc cc cc cc
0x00007ffa2f0feb7b:   cc cc cc cc cc 48 83 ec 28 48 63 15 0d b3 7e 00
0x00007ffa2f0feb8b:   ff 15 1f 38 76 00 80 3d af 96 7e 00 00 ba 0c 00
0x00007ffa2f0feb9b:   00 00 48 8b c8 b8 10 00 00 00 0f 45 c2 8b 04 08
0x00007ffa2f0febab:   48 83 c4 28 c3 40 53 41 54 41 55 41 57 48 83 ec
0x00007ffa2f0febbb:   28 48 63 15 d5 b2 7e 00 ff 15 e7 37 76 00 0f b6
0x00007ffa2f0febcb:   15 77 96 7e 00 41 bc 10 00 00 00 84 d2 41 8b cc
0x00007ffa2f0febdb:   41 bd 0c 00 00 00 4c 8b f8 41 0f 45 cd 33 db 44 


Stack slot to memory mapping:
stack at sp + 0 slots: 0x000000e2476ff860 is pointing into the stack for thread: 0x0000026ea90d1ec0
stack at sp + 1 slots: 0x0000000000000068 is an unknown value
stack at sp + 2 slots: 0x0000026e86cabf00 points into unknown readable memory: 0x00007ffa2f878ff0 | f0 8f 87 2f fa 7f 00 00
stack at sp + 3 slots: 0x00007ffa2f3f0c23 jvm.dll
stack at sp + 4 slots: 0x0000026ea4bed768 is a global jni handle
stack at sp + 5 slots: 0x00007ffa2f284e2a jvm.dll
stack at sp + 6 slots: 0x0000026ea4c0e6c0 points into unknown readable memory: 0x0000000000000000 | 00 00 00 00 00 00 00 00
stack at sp + 7 slots: 0x0000026ea4bed768 is a global jni handle


---------------  P R O C E S S  ---------------

Threads class SMR info:
_java_thread_list=0x0000026ea90dddd0, length=15, elements={
0x0000026ea4bfd6d0, 0x0000026ea4c00c70, 0x0000026ea4c078e0, 0x0000026ea4c08210,
0x0000026ea4c08b40, 0x0000026ea4c09470, 0x0000026ea4c0a0d0, 0x0000026ea4c0b1e0,
0x0000026ea4c38d20, 0x0000026ea90d1ec0, 0x0000026ea90f4590, 0x0000026ea90f4ae0,
0x0000026ea9100340, 0x0000026ea90fd370, 0x0000026ea90fd8c0
}

Java Threads: ( => current thread )
  0x0000026ea4bfd6d0 JavaThread "Reference Handler" daemon [_thread_blocked, id=5436, stack(0x000000e246d00000,0x000000e246e00000)]
  0x0000026ea4c00c70 JavaThread "Finalizer" daemon [_thread_blocked, id=7552, stack(0x000000e246e00000,0x000000e246f00000)]
  0x0000026ea4c078e0 JavaThread "Signal Dispatcher" daemon [_thread_blocked, id=11860, stack(0x000000e246f00000,0x000000e247000000)]
  0x0000026ea4c08210 JavaThread "Attach Listener" daemon [_thread_blocked, id=5384, stack(0x000000e247000000,0x000000e247100000)]
  0x0000026ea4c08b40 JavaThread "Service Thread" daemon [_thread_blocked, id=10628, stack(0x000000e247100000,0x000000e247200000)]
  0x0000026ea4c09470 JavaThread "Monitor Deflation Thread" daemon [_thread_blocked, id=5248, stack(0x000000e247200000,0x000000e247300000)]
  0x0000026ea4c0a0d0 JavaThread "C2 CompilerThread0" daemon [_thread_blocked, id=10128, stack(0x000000e247300000,0x000000e247400000)]
  0x0000026ea4c0b1e0 JavaThread "C1 CompilerThread0" daemon [_thread_blocked, id=11148, stack(0x000000e247400000,0x000000e247500000)]
  0x0000026ea4c38d20 JavaThread "Sweeper thread" daemon [_thread_blocked, id=2964, stack(0x000000e247500000,0x000000e247600000)]
=>0x0000026ea90d1ec0 JavaThread "JDWP Transport Listener: dt_socket" daemon [_thread_in_vm, id=2744, stack(0x000000e247600000,0x000000e247700000)]
  0x0000026ea90f4590 JavaThread "JDWP Event Helper Thread" daemon [_thread_blocked, id=8932, stack(0x000000e247700000,0x000000e247800000)]
  0x0000026ea90f4ae0 JavaThread "JDWP Command Reader" daemon [_thread_in_native, id=10340, stack(0x000000e247800000,0x000000e247900000)]
  0x0000026ea9100340 JavaThread "Notification Thread" daemon [_thread_blocked, id=11196, stack(0x000000e247900000,0x000000e247a00000)]
  0x0000026ea90fd370 JavaThread "Common-Cleaner" daemon [_thread_blocked, id=4740, stack(0x000000e247b00000,0x000000e247c00000)]
  0x0000026ea90fd8c0 JavaThread "DestroyJavaVM" [_thread_blocked, id=7080, stack(0x000000e246600000,0x000000e246700000)]

Other Threads:
  0x0000026ea4be2ef0 VMThread "VM Thread" [stack: 0x000000e246c00000,0x000000e246d00000] [id=3924] _threads_hazard_ptr=0x0000026ea90dddd0
  0x0000026e86d19140 WorkerThread "GC Thread#0" [stack: 0x000000e246700000,0x000000e246800000] [id=6240]
  0x0000026e86d2acf0 ConcurrentGCThread "G1 Main Marker" terminated
  0x0000026e86d2b720 WorkerThread "G1 Conc#0" [stack: 0x000000e246900000,0x000000e246a00000] [id=3736]
  0x0000026e86d8d380 ConcurrentGCThread "G1 Refine#0" terminated
  0x0000026ea4aa10b0 ConcurrentGCThread "G1 Service" terminated

Threads with active compile tasks:

VM state: synchronizing (normal execution)

VM Mutex/Monitor currently owned by a thread:  ([mutex/lock_event])
[0x0000026e84c5d170] Threads_lock - owner thread: 0x0000026ea4be2ef0

Heap address: 0x0000000081e00000, size: 2018 MB, Compressed Oops mode: 32-bit

CDS archive(s) mapped at: [0x0000000800000000-0x0000000800c40000-0x0000000800c40000), size 12845056, SharedBaseAddress: 0x0000000800000000, ArchiveRelocationMode: 0.
Compressed class space mapped at: 0x0000000801000000-0x0000000841000000, reserved size: 1073741824
Narrow klass base: 0x0000000800000000, Narrow klass shift: 0, Narrow klass range: 0x100000000

GC Precious Log:
 CardTable entry size: 512
 Card Set container configuration: InlinePtr #cards 5 size 8 Array Of Cards #cards 12 size 40 Howl #buckets 4 coarsen threshold 1843 Howl Bitmap #cards 512 size 80 coarsen threshold 460 Card regions per heap region 1 cards per card region 2048
 CPUs: 4 total, 4 available
 Memory: 8066M
 Large Page Support: Disabled
 NUMA Support: Disabled
 Compressed Oops: Enabled (32-bit)
 Heap Region Size: 1M
 Heap Min Capacity: 8M
 Heap Initial Capacity: 128M
 Heap Max Capacity: 2018M
 Pre-touch: Disabled
 Parallel Workers: 4
 Concurrent Workers: 1
 Concurrent Refinement Workers: 4
 Periodic GC: Disabled

Heap:
 garbage-first heap   total 131072K, used 1024K [0x0000000081e00000, 0x0000000100000000)
  region size 1024K, 2 young (2048K), 0 survivors (0K)
 Metaspace       used 179K, committed 384K, reserved 1114112K
  class space    used 7K, committed 128K, reserved 1048576K

Heap Regions: E=young(eden), S=young(survivor), O=old, HS=humongous(starts), HC=humongous(continues), CS=collection set, F=free, OA=open archive, CA=closed archive, TAMS=top-at-mark-start (previous, next)
|   0|0x0000000081e00000, 0x0000000081e00000, 0x0000000081f00000|  0%| F|  |TAMS 0x0000000081e00000, 0x0000000081e00000| Untracked 
|   1|0x0000000081f00000, 0x0000000081f00000, 0x0000000082000000|  0%| F|  |TAMS 0x0000000081f00000, 0x0000000081f00000| Untracked 
|   2|0x0000000082000000, 0x0000000082000000, 0x0000000082100000|  0%| F|  |TAMS 0x0000000082000000, 0x0000000082000000| Untracked 
|   3|0x0000000082100000, 0x0000000082100000, 0x0000000082200000|  0%| F|  |TAMS 0x0000000082100000, 0x0000000082100000| Untracked 
|   4|0x0000000082200000, 0x0000000082200000, 0x0000000082300000|  0%| F|  |TAMS 0x0000000082200000, 0x0000000082200000| Untracked 
|   5|0x0000000082300000, 0x0000000082300000, 0x0000000082400000|  0%| F|  |TAMS 0x0000000082300000, 0x0000000082300000| Untracked 
|   6|0x0000000082400000, 0x0000000082400000, 0x0000000082500000|  0%| F|  |TAMS 0x0000000082400000, 0x0000000082400000| Untracked 
|   7|0x0000000082500000, 0x0000000082500000, 0x0000000082600000|  0%| F|  |TAMS 0x0000000082500000, 0x0000000082500000| Untracked 
|   8|0x0000000082600000, 0x0000000082600000, 0x0000000082700000|  0%| F|  |TAMS 0x0000000082600000, 0x0000000082600000| Untracked 
|   9|0x0000000082700000, 0x0000000082700000, 0x0000000082800000|  0%| F|  |TAMS 0x0000000082700000, 0x0000000082700000| Untracked 
|  10|0x0000000082800000, 0x0000000082800000, 0x0000000082900000|  0%| F|  |TAMS 0x0000000082800000, 0x0000000082800000| Untracked 
|  11|0x0000000082900000, 0x0000000082900000, 0x0000000082a00000|  0%| F|  |TAMS 0x0000000082900000, 0x0000000082900000| Untracked 
|  12|0x0000000082a00000, 0x0000000082a00000, 0x0000000082b00000|  0%| F|  |TAMS 0x0000000082a00000, 0x0000000082a00000| Untracked 
|  13|0x0000000082b00000, 0x0000000082b00000, 0x0000000082c00000|  0%| F|  |TAMS 0x0000000082b00000, 0x0000000082b00000| Untracked 
|  14|0x0000000082c00000, 0x0000000082c00000, 0x0000000082d00000|  0%| F|  |TAMS 0x0000000082c00000, 0x0000000082c00000| Untracked 
|  15|0x0000000082d00000, 0x0000000082d00000, 0x0000000082e00000|  0%| F|  |TAMS 0x0000000082d00000, 0x0000000082d00000| Untracked 
|  16|0x0000000082e00000, 0x0000000082e00000, 0x0000000082f00000|  0%| F|  |TAMS 0x0000000082e00000, 0x0000000082e00000| Untracked 
|  17|0x0000000082f00000, 0x0000000082f00000, 0x0000000083000000|  0%| F|  |TAMS 0x0000000082f00000, 0x0000000082f00000| Untracked 
|  18|0x0000000083000000, 0x0000000083000000, 0x0000000083100000|  0%| F|  |TAMS 0x0000000083000000, 0x0000000083000000| Untracked 
|  19|0x0000000083100000, 0x0000000083100000, 0x0000000083200000|  0%| F|  |TAMS 0x0000000083100000, 0x0000000083100000| Untracked 
|  20|0x0000000083200000, 0x0000000083200000, 0x0000000083300000|  0%| F|  |TAMS 0x0000000083200000, 0x0000000083200000| Untracked 
|  21|0x0000000083300000, 0x0000000083300000, 0x0000000083400000|  0%| F|  |TAMS 0x0000000083300000, 0x0000000083300000| Untracked 
|  22|0x0000000083400000, 0x0000000083400000, 0x0000000083500000|  0%| F|  |TAMS 0x0000000083400000, 0x0000000083400000| Untracked 
|  23|0x0000000083500000, 0x0000000083500000, 0x0000000083600000|  0%| F|  |TAMS 0x0000000083500000, 0x0000000083500000| Untracked 
|  24|0x0000000083600000, 0x0000000083600000, 0x0000000083700000|  0%| F|  |TAMS 0x0000000083600000, 0x0000000083600000| Untracked 
|  25|0x0000000083700000, 0x0000000083700000, 0x0000000083800000|  0%| F|  |TAMS 0x0000000083700000, 0x0000000083700000| Untracked 
|  26|0x0000000083800000, 0x0000000083800000, 0x0000000083900000|  0%| F|  |TAMS 0x0000000083800000, 0x0000000083800000| Untracked 
|  27|0x0000000083900000, 0x0000000083900000, 0x0000000083a00000|  0%| F|  |TAMS 0x0000000083900000, 0x0000000083900000| Untracked 
|  28|0x0000000083a00000, 0x0000000083a00000, 0x0000000083b00000|  0%| F|  |TAMS 0x0000000083a00000, 0x0000000083a00000| Untracked 
|  29|0x0000000083b00000, 0x0000000083b00000, 0x0000000083c00000|  0%| F|  |TAMS 0x0000000083b00000, 0x0000000083b00000| Untracked 
|  30|0x0000000083c00000, 0x0000000083c00000, 0x0000000083d00000|  0%| F|  |TAMS 0x0000000083c00000, 0x0000000083c00000| Untracked 
|  31|0x0000000083d00000, 0x0000000083d00000, 0x0000000083e00000|  0%| F|  |TAMS 0x0000000083d00000, 0x0000000083d00000| Untracked 
|  32|0x0000000083e00000, 0x0000000083e00000, 0x0000000083f00000|  0%| F|  |TAMS 0x0000000083e00000, 0x0000000083e00000| Untracked 
|  33|0x0000000083f00000, 0x0000000083f00000, 0x0000000084000000|  0%| F|  |TAMS 0x0000000083f00000, 0x0000000083f00000| Untracked 
|  34|0x0000000084000000, 0x0000000084000000, 0x0000000084100000|  0%| F|  |TAMS 0x0000000084000000, 0x0000000084000000| Untracked 
|  35|0x0000000084100000, 0x0000000084100000, 0x0000000084200000|  0%| F|  |TAMS 0x0000000084100000, 0x0000000084100000| Untracked 
|  36|0x0000000084200000, 0x0000000084200000, 0x0000000084300000|  0%| F|  |TAMS 0x0000000084200000, 0x0000000084200000| Untracked 
|  37|0x0000000084300000, 0x0000000084300000, 0x0000000084400000|  0%| F|  |TAMS 0x0000000084300000, 0x0000000084300000| Untracked 
|  38|0x0000000084400000, 0x0000000084400000, 0x0000000084500000|  0%| F|  |TAMS 0x0000000084400000, 0x0000000084400000| Untracked 
|  39|0x0000000084500000, 0x0000000084500000, 0x0000000084600000|  0%| F|  |TAMS 0x0000000084500000, 0x0000000084500000| Untracked 
|  40|0x0000000084600000, 0x0000000084600000, 0x0000000084700000|  0%| F|  |TAMS 0x0000000084600000, 0x0000000084600000| Untracked 
|  41|0x0000000084700000, 0x0000000084700000, 0x0000000084800000|  0%| F|  |TAMS 0x0000000084700000, 0x0000000084700000| Untracked 
|  42|0x0000000084800000, 0x0000000084800000, 0x0000000084900000|  0%| F|  |TAMS 0x0000000084800000, 0x0000000084800000| Untracked 
|  43|0x0000000084900000, 0x0000000084900000, 0x0000000084a00000|  0%| F|  |TAMS 0x0000000084900000, 0x0000000084900000| Untracked 
|  44|0x0000000084a00000, 0x0000000084a00000, 0x0000000084b00000|  0%| F|  |TAMS 0x0000000084a00000, 0x0000000084a00000| Untracked 
|  45|0x0000000084b00000, 0x0000000084b00000, 0x0000000084c00000|  0%| F|  |TAMS 0x0000000084b00000, 0x0000000084b00000| Untracked 
|  46|0x0000000084c00000, 0x0000000084c00000, 0x0000000084d00000|  0%| F|  |TAMS 0x0000000084c00000, 0x0000000084c00000| Untracked 
|  47|0x0000000084d00000, 0x0000000084d00000, 0x0000000084e00000|  0%| F|  |TAMS 0x0000000084d00000, 0x0000000084d00000| Untracked 
|  48|0x0000000084e00000, 0x0000000084e00000, 0x0000000084f00000|  0%| F|  |TAMS 0x0000000084e00000, 0x0000000084e00000| Untracked 
|  49|0x0000000084f00000, 0x0000000084f00000, 0x0000000085000000|  0%| F|  |TAMS 0x0000000084f00000, 0x0000000084f00000| Untracked 
|  50|0x0000000085000000, 0x0000000085000000, 0x0000000085100000|  0%| F|  |TAMS 0x0000000085000000, 0x0000000085000000| Untracked 
|  51|0x0000000085100000, 0x0000000085100000, 0x0000000085200000|  0%| F|  |TAMS 0x0000000085100000, 0x0000000085100000| Untracked 
|  52|0x0000000085200000, 0x0000000085200000, 0x0000000085300000|  0%| F|  |TAMS 0x0000000085200000, 0x0000000085200000| Untracked 
|  53|0x0000000085300000, 0x0000000085300000, 0x0000000085400000|  0%| F|  |TAMS 0x0000000085300000, 0x0000000085300000| Untracked 
|  54|0x0000000085400000, 0x0000000085400000, 0x0000000085500000|  0%| F|  |TAMS 0x0000000085400000, 0x0000000085400000| Untracked 
|  55|0x0000000085500000, 0x0000000085500000, 0x0000000085600000|  0%| F|  |TAMS 0x0000000085500000, 0x0000000085500000| Untracked 
|  56|0x0000000085600000, 0x0000000085600000, 0x0000000085700000|  0%| F|  |TAMS 0x0000000085600000, 0x0000000085600000| Untracked 
|  57|0x0000000085700000, 0x0000000085700000, 0x0000000085800000|  0%| F|  |TAMS 0x0000000085700000, 0x0000000085700000| Untracked 
|  58|0x0000000085800000, 0x0000000085800000, 0x0000000085900000|  0%| F|  |TAMS 0x0000000085800000, 0x0000000085800000| Untracked 
|  59|0x0000000085900000, 0x0000000085900000, 0x0000000085a00000|  0%| F|  |TAMS 0x0000000085900000, 0x0000000085900000| Untracked 
|  60|0x0000000085a00000, 0x0000000085a00000, 0x0000000085b00000|  0%| F|  |TAMS 0x0000000085a00000, 0x0000000085a00000| Untracked 
|  61|0x0000000085b00000, 0x0000000085b00000, 0x0000000085c00000|  0%| F|  |TAMS 0x0000000085b00000, 0x0000000085b00000| Untracked 
|  62|0x0000000085c00000, 0x0000000085c00000, 0x0000000085d00000|  0%| F|  |TAMS 0x0000000085c00000, 0x0000000085c00000| Untracked 
|  63|0x0000000085d00000, 0x0000000085d00000, 0x0000000085e00000|  0%| F|  |TAMS 0x0000000085d00000, 0x0000000085d00000| Untracked 
|  64|0x0000000085e00000, 0x0000000085e00000, 0x0000000085f00000|  0%| F|  |TAMS 0x0000000085e00000, 0x0000000085e00000| Untracked 
|  65|0x0000000085f00000, 0x0000000085f00000, 0x0000000086000000|  0%| F|  |TAMS 0x0000000085f00000, 0x0000000085f00000| Untracked 
|  66|0x0000000086000000, 0x0000000086000000, 0x0000000086100000|  0%| F|  |TAMS 0x0000000086000000, 0x0000000086000000| Untracked 
|  67|0x0000000086100000, 0x0000000086100000, 0x0000000086200000|  0%| F|  |TAMS 0x0000000086100000, 0x0000000086100000| Untracked 
|  68|0x0000000086200000, 0x0000000086200000, 0x0000000086300000|  0%| F|  |TAMS 0x0000000086200000, 0x0000000086200000| Untracked 
|  69|0x0000000086300000, 0x0000000086300000, 0x0000000086400000|  0%| F|  |TAMS 0x0000000086300000, 0x0000000086300000| Untracked 
|  70|0x0000000086400000, 0x0000000086400000, 0x0000000086500000|  0%| F|  |TAMS 0x0000000086400000, 0x0000000086400000| Untracked 
|  71|0x0000000086500000, 0x0000000086500000, 0x0000000086600000|  0%| F|  |TAMS 0x0000000086500000, 0x0000000086500000| Untracked 
|  72|0x0000000086600000, 0x0000000086600000, 0x0000000086700000|  0%| F|  |TAMS 0x0000000086600000, 0x0000000086600000| Untracked 
|  73|0x0000000086700000, 0x0000000086700000, 0x0000000086800000|  0%| F|  |TAMS 0x0000000086700000, 0x0000000086700000| Untracked 
|  74|0x0000000086800000, 0x0000000086800000, 0x0000000086900000|  0%| F|  |TAMS 0x0000000086800000, 0x0000000086800000| Untracked 
|  75|0x0000000086900000, 0x0000000086900000, 0x0000000086a00000|  0%| F|  |TAMS 0x0000000086900000, 0x0000000086900000| Untracked 
|  76|0x0000000086a00000, 0x0000000086a00000, 0x0000000086b00000|  0%| F|  |TAMS 0x0000000086a00000, 0x0000000086a00000| Untracked 
|  77|0x0000000086b00000, 0x0000000086b00000, 0x0000000086c00000|  0%| F|  |TAMS 0x0000000086b00000, 0x0000000086b00000| Untracked 
|  78|0x0000000086c00000, 0x0000000086c00000, 0x0000000086d00000|  0%| F|  |TAMS 0x0000000086c00000, 0x0000000086c00000| Untracked 
|  79|0x0000000086d00000, 0x0000000086d00000, 0x0000000086e00000|  0%| F|  |TAMS 0x0000000086d00000, 0x0000000086d00000| Untracked 
|  80|0x0000000086e00000, 0x0000000086e00000, 0x0000000086f00000|  0%| F|  |TAMS 0x0000000086e00000, 0x0000000086e00000| Untracked 
|  81|0x0000000086f00000, 0x0000000086f00000, 0x0000000087000000|  0%| F|  |TAMS 0x0000000086f00000, 0x0000000086f00000| Untracked 
|  82|0x0000000087000000, 0x0000000087000000, 0x0000000087100000|  0%| F|  |TAMS 0x0000000087000000, 0x0000000087000000| Untracked 
|  83|0x0000000087100000, 0x0000000087100000, 0x0000000087200000|  0%| F|  |TAMS 0x0000000087100000, 0x0000000087100000| Untracked 
|  84|0x0000000087200000, 0x0000000087200000, 0x0000000087300000|  0%| F|  |TAMS 0x0000000087200000, 0x0000000087200000| Untracked 
|  85|0x0000000087300000, 0x0000000087300000, 0x0000000087400000|  0%| F|  |TAMS 0x0000000087300000, 0x0000000087300000| Untracked 
|  86|0x0000000087400000, 0x0000000087400000, 0x0000000087500000|  0%| F|  |TAMS 0x0000000087400000, 0x0000000087400000| Untracked 
|  87|0x0000000087500000, 0x0000000087500000, 0x0000000087600000|  0%| F|  |TAMS 0x0000000087500000, 0x0000000087500000| Untracked 
|  88|0x0000000087600000, 0x0000000087600000, 0x0000000087700000|  0%| F|  |TAMS 0x0000000087600000, 0x0000000087600000| Untracked 
|  89|0x0000000087700000, 0x0000000087700000, 0x0000000087800000|  0%| F|  |TAMS 0x0000000087700000, 0x0000000087700000| Untracked 
|  90|0x0000000087800000, 0x0000000087800000, 0x0000000087900000|  0%| F|  |TAMS 0x0000000087800000, 0x0000000087800000| Untracked 
|  91|0x0000000087900000, 0x0000000087900000, 0x0000000087a00000|  0%| F|  |TAMS 0x0000000087900000, 0x0000000087900000| Untracked 
|  92|0x0000000087a00000, 0x0000000087a00000, 0x0000000087b00000|  0%| F|  |TAMS 0x0000000087a00000, 0x0000000087a00000| Untracked 
|  93|0x0000000087b00000, 0x0000000087b00000, 0x0000000087c00000|  0%| F|  |TAMS 0x0000000087b00000, 0x0000000087b00000| Untracked 
|  94|0x0000000087c00000, 0x0000000087c00000, 0x0000000087d00000|  0%| F|  |TAMS 0x0000000087c00000, 0x0000000087c00000| Untracked 
|  95|0x0000000087d00000, 0x0000000087d00000, 0x0000000087e00000|  0%| F|  |TAMS 0x0000000087d00000, 0x0000000087d00000| Untracked 
|  96|0x0000000087e00000, 0x0000000087e00000, 0x0000000087f00000|  0%| F|  |TAMS 0x0000000087e00000, 0x0000000087e00000| Untracked 
|  97|0x0000000087f00000, 0x0000000087f00000, 0x0000000088000000|  0%| F|  |TAMS 0x0000000087f00000, 0x0000000087f00000| Untracked 
|  98|0x0000000088000000, 0x0000000088000000, 0x0000000088100000|  0%| F|  |TAMS 0x0000000088000000, 0x0000000088000000| Untracked 
|  99|0x0000000088100000, 0x0000000088100000, 0x0000000088200000|  0%| F|  |TAMS 0x0000000088100000, 0x0000000088100000| Untracked 
| 100|0x0000000088200000, 0x0000000088200000, 0x0000000088300000|  0%| F|  |TAMS 0x0000000088200000, 0x0000000088200000| Untracked 
| 101|0x0000000088300000, 0x0000000088300000, 0x0000000088400000|  0%| F|  |TAMS 0x0000000088300000, 0x0000000088300000| Untracked 
| 102|0x0000000088400000, 0x0000000088400000, 0x0000000088500000|  0%| F|  |TAMS 0x0000000088400000, 0x0000000088400000| Untracked 
| 103|0x0000000088500000, 0x0000000088500000, 0x0000000088600000|  0%| F|  |TAMS 0x0000000088500000, 0x0000000088500000| Untracked 
| 104|0x0000000088600000, 0x0000000088600000, 0x0000000088700000|  0%| F|  |TAMS 0x0000000088600000, 0x0000000088600000| Untracked 
| 105|0x0000000088700000, 0x0000000088700000, 0x0000000088800000|  0%| F|  |TAMS 0x0000000088700000, 0x0000000088700000| Untracked 
| 106|0x0000000088800000, 0x0000000088800000, 0x0000000088900000|  0%| F|  |TAMS 0x0000000088800000, 0x0000000088800000| Untracked 
| 107|0x0000000088900000, 0x0000000088900000, 0x0000000088a00000|  0%| F|  |TAMS 0x0000000088900000, 0x0000000088900000| Untracked 
| 108|0x0000000088a00000, 0x0000000088a00000, 0x0000000088b00000|  0%| F|  |TAMS 0x0000000088a00000, 0x0000000088a00000| Untracked 
| 109|0x0000000088b00000, 0x0000000088b00000, 0x0000000088c00000|  0%| F|  |TAMS 0x0000000088b00000, 0x0000000088b00000| Untracked 
| 110|0x0000000088c00000, 0x0000000088c00000, 0x0000000088d00000|  0%| F|  |TAMS 0x0000000088c00000, 0x0000000088c00000| Untracked 
| 111|0x0000000088d00000, 0x0000000088d00000, 0x0000000088e00000|  0%| F|  |TAMS 0x0000000088d00000, 0x0000000088d00000| Untracked 
| 112|0x0000000088e00000, 0x0000000088e00000, 0x0000000088f00000|  0%| F|  |TAMS 0x0000000088e00000, 0x0000000088e00000| Untracked 
| 113|0x0000000088f00000, 0x0000000088f00000, 0x0000000089000000|  0%| F|  |TAMS 0x0000000088f00000, 0x0000000088f00000| Untracked 
| 114|0x0000000089000000, 0x0000000089000000, 0x0000000089100000|  0%| F|  |TAMS 0x0000000089000000, 0x0000000089000000| Untracked 
| 115|0x0000000089100000, 0x0000000089100000, 0x0000000089200000|  0%| F|  |TAMS 0x0000000089100000, 0x0000000089100000| Untracked 
| 116|0x0000000089200000, 0x0000000089200000, 0x0000000089300000|  0%| F|  |TAMS 0x0000000089200000, 0x0000000089200000| Untracked 
| 117|0x0000000089300000, 0x0000000089300000, 0x0000000089400000|  0%| F|  |TAMS 0x0000000089300000, 0x0000000089300000| Untracked 
| 118|0x0000000089400000, 0x0000000089400000, 0x0000000089500000|  0%| F|  |TAMS 0x0000000089400000, 0x0000000089400000| Untracked 
| 119|0x0000000089500000, 0x0000000089500000, 0x0000000089600000|  0%| F|  |TAMS 0x0000000089500000, 0x0000000089500000| Untracked 
| 120|0x0000000089600000, 0x0000000089600000, 0x0000000089700000|  0%| F|  |TAMS 0x0000000089600000, 0x0000000089600000| Untracked 
| 121|0x0000000089700000, 0x0000000089700000, 0x0000000089800000|  0%| F|  |TAMS 0x0000000089700000, 0x0000000089700000| Untracked 
| 122|0x0000000089800000, 0x0000000089800000, 0x0000000089900000|  0%| F|  |TAMS 0x0000000089800000, 0x0000000089800000| Untracked 
| 123|0x0000000089900000, 0x0000000089900000, 0x0000000089a00000|  0%| F|  |TAMS 0x0000000089900000, 0x0000000089900000| Untracked 
| 124|0x0000000089a00000, 0x0000000089a00000, 0x0000000089b00000|  0%| F|  |TAMS 0x0000000089a00000, 0x0000000089a00000| Untracked 
| 125|0x0000000089b00000, 0x0000000089b00000, 0x0000000089c00000|  0%| F|  |TAMS 0x0000000089b00000, 0x0000000089b00000| Untracked 
| 126|0x0000000089c00000, 0x0000000089d00000, 0x0000000089d00000|100%| E|  |TAMS 0x0000000089c00000, 0x0000000089c00000| Complete 
| 127|0x0000000089d00000, 0x0000000089e00000, 0x0000000089e00000|100%| E|CS|TAMS 0x0000000089d00000, 0x0000000089d00000| Complete 

Card table byte_map: [0x0000026e9e030000,0x0000026e9e430000] _byte_map_base: 0x0000026e9dc21000

Marking Bits (Prev, Next): (CMBitMap*) 0x0000026e86d1a780, (CMBitMap*) 0x0000026e86d1a7c0
 Prev Bits: [0x0000026e9e830000, 0x0000026ea07b8000)
 Next Bits: [0x0000026ea07c0000, 0x0000026ea2748000)

Polling page: 0x0000026e84c60000

Metaspace:

Usage:
  Non-class:    172.27 KB used.
      Class:      7.09 KB used.
       Both:    179.36 KB used.

Virtual space:
  Non-class space:       64.00 MB reserved,     256.00 KB ( <1%) committed,  1 nodes.
      Class space:        1.00 GB reserved,     128.00 KB ( <1%) committed,  1 nodes.
             Both:        1.06 GB reserved,     384.00 KB ( <1%) committed. 

Chunk freelists:
   Non-Class:  4.00 MB
       Class:  3.75 MB
        Both:  7.74 MB

MaxMetaspaceSize: unlimited
CompressedClassSpaceSize: 1.00 GB
Initial GC threshold: 21.00 MB
Current GC threshold: 21.00 MB
CDS: on
MetaspaceReclaimPolicy: balanced
 - commit_granule_bytes: 65536.
 - commit_granule_words: 8192.
 - virtual_space_node_default_size: 8388608.
 - enlarge_chunks_in_place: 1.
 - new_chunks_are_fully_committed: 0.
 - uncommit_free_chunks: 1.
 - use_allocation_guard: 0.


Internal statistics:

num_allocs_failed_limit: 0.
num_arena_births: 4.
num_arena_deaths: 0.
num_vsnodes_births: 2.
num_vsnodes_deaths: 0.
num_space_committed: 6.
num_space_uncommitted: 0.
num_chunks_returned_to_freelist: 0.
num_chunks_taken_from_freelist: 5.
num_chunk_merges: 0.
num_chunk_splits: 2.
num_chunks_enlarged: 0.
num_inconsistent_stats: 0.

CodeHeap 'non-profiled nmethods': size=120000Kb used=21Kb max_used=21Kb free=119979Kb
 bounds [0x0000026e96700000, 0x0000026e96970000, 0x0000026e9dc30000]
CodeHeap 'profiled nmethods': size=120000Kb used=119Kb max_used=119Kb free=119880Kb
 bounds [0x0000026e8ec30000, 0x0000026e8eea0000, 0x0000026e96160000]
CodeHeap 'non-nmethods': size=5760Kb used=1299Kb max_used=1313Kb free=4460Kb
 bounds [0x0000026e96160000, 0x0000026e963d0000, 0x0000026e96700000]
 total_blobs=396 nmethods=96 adapters=210
 compilation: enabled
              stopped_count=0, restarted_count=0
 full_count=0

Compilation events (20 events):
Event: 1.243 Thread 0x0000026ea4c0b1e0   87       3       java.util.concurrent.locks.ReentrantLock::unlock (10 bytes)
Event: 1.243 Thread 0x0000026ea4c0b1e0 nmethod 87 0x0000026e8ec4ad10 code [0x0000026e8ec4aee0, 0x0000026e8ec4b1d8]
Event: 1.243 Thread 0x0000026ea4c0b1e0   88       3       java.util.concurrent.locks.ReentrantLock$Sync::tryRelease (51 bytes)
Event: 1.244 Thread 0x0000026ea4c0b1e0 nmethod 88 0x0000026e8ec4b310 code [0x0000026e8ec4b4e0, 0x0000026e8ec4b868]
Event: 1.244 Thread 0x0000026ea4c0b1e0   89       3       java.util.concurrent.locks.AbstractQueuedSynchronizer::signalNext (34 bytes)
Event: 1.244 Thread 0x0000026ea4c0b1e0 nmethod 89 0x0000026e8ec4b990 code [0x0000026e8ec4bb80, 0x0000026e8ec4c068]
Event: 1.247 Thread 0x0000026ea4c0b1e0   90       3       java.nio.ByteBuffer::arrayOffset (35 bytes)
Event: 1.247 Thread 0x0000026ea4c0b1e0 nmethod 90 0x0000026e8ec4c210 code [0x0000026e8ec4c3e0, 0x0000026e8ec4c698]
Event: 1.261 Thread 0x0000026ea4c0b1e0   91       3       java.lang.StringBuilder::append (8 bytes)
Event: 1.261 Thread 0x0000026ea4c0b1e0 nmethod 91 0x0000026e8ec4c810 code [0x0000026e8ec4c9c0, 0x0000026e8ec4cb28]
Event: 1.261 Thread 0x0000026ea4c0b1e0   92       3       java.lang.AbstractStringBuilder::putStringAt (19 bytes)
Event: 1.262 Thread 0x0000026ea4c0b1e0 nmethod 92 0x0000026e8ec4cc10 code [0x0000026e8ec4cde0, 0x0000026e8ec4d0f8]
Event: 1.262 Thread 0x0000026ea4c0b1e0   93       3       java.lang.AbstractStringBuilder::inflateIfNeededFor (22 bytes)
Event: 1.262 Thread 0x0000026ea4c0b1e0 nmethod 93 0x0000026e8ec4d290 code [0x0000026e8ec4d440, 0x0000026e8ec4d688]
Event: 1.262 Thread 0x0000026ea4c0b1e0   94       1       java.lang.AbstractStringBuilder::length (5 bytes)
Event: 1.263 Thread 0x0000026ea4c0b1e0 nmethod 94 0x0000026e96704e10 code [0x0000026e96704fa0, 0x0000026e96705078]
Event: 1.263 Thread 0x0000026ea4c0b1e0   95       1       java.lang.AbstractStringBuilder::getValue (5 bytes)
Event: 1.263 Thread 0x0000026ea4c0b1e0 nmethod 95 0x0000026e96705110 code [0x0000026e967052a0, 0x0000026e96705378]
Event: 1.265 Thread 0x0000026ea4c0b1e0   96       3       java.nio.Buffer::position (52 bytes)
Event: 1.265 Thread 0x0000026ea4c0b1e0 nmethod 96 0x0000026e8ec4d790 code [0x0000026e8ec4d960, 0x0000026e8ec4dc28]

GC Heap History (0 events):
No events

Dll operation events (2 events):
Event: 0.084 Loaded shared library C:\Program Files\Java\jdk-19\bin\java.dll
Event: 0.116 Loaded shared library C:\Program Files\Java\jdk-19\bin\jsvml.dll

Deoptimization events (0 events):
No events

Classes loaded (12 events):
Event: 0.146 Loading class sun/nio/cs/IBM437
Event: 0.146 Loading class sun/nio/cs/IBM437 done
Event: 0.147 Loading class sun/nio/cs/IBM437$Holder
Event: 0.147 Loading class sun/nio/cs/IBM437$Holder done
Event: 0.298 Loading class jdk/internal/vm/VMSupport
Event: 0.313 Loading class jdk/internal/vm/VMSupport done
Event: 1.215 Loading class jdk/internal/loader/URLClassPath$FileLoader
Event: 1.215 Loading class jdk/internal/loader/URLClassPath$FileLoader done
Event: 1.216 Loading class sun/nio/cs/UTF_8$Decoder
Event: 1.216 Loading class sun/nio/cs/UTF_8$Decoder done
Event: 1.221 Loading class jdk/internal/loader/URLClassPath$FileLoader$1
Event: 1.221 Loading class jdk/internal/loader/URLClassPath$FileLoader$1 done

Classes unloaded (0 events):
No events

Classes redefined (0 events):
No events

Internal exceptions (0 events):
No events

VM Operations (2 events):
Event: 0.596 Executing VM operation: ChangeBreakpoints
Event: 0.597 Executing VM operation: ChangeBreakpoints done

Events (17 events):
Event: 0.117 Thread 0x0000026e84c5dff0 Thread added: 0x0000026e84c5dff0
Event: 0.150 Thread 0x0000026ea4bfd6d0 Thread added: 0x0000026ea4bfd6d0
Event: 0.151 Thread 0x0000026ea4c00c70 Thread added: 0x0000026ea4c00c70
Event: 0.153 Thread 0x0000026ea4c078e0 Thread added: 0x0000026ea4c078e0
Event: 0.154 Thread 0x0000026ea4c08210 Thread added: 0x0000026ea4c08210
Event: 0.154 Thread 0x0000026ea4c08b40 Thread added: 0x0000026ea4c08b40
Event: 0.154 Thread 0x0000026ea4c09470 Thread added: 0x0000026ea4c09470
Event: 0.155 Thread 0x0000026ea4c0a0d0 Thread added: 0x0000026ea4c0a0d0
Event: 0.155 Thread 0x0000026ea4c0b1e0 Thread added: 0x0000026ea4c0b1e0
Event: 0.157 Thread 0x0000026ea4c38d20 Thread added: 0x0000026ea4c38d20
Event: 0.500 Thread 0x0000026ea90d1ec0 Thread added: 0x0000026ea90d1ec0
Event: 0.501 Thread 0x0000026ea90f4590 Thread added: 0x0000026ea90f4590
Event: 0.563 Thread 0x0000026ea90f4ae0 Thread added: 0x0000026ea90f4ae0
Event: 1.182 Thread 0x0000026ea9100340 Thread added: 0x0000026ea9100340
Event: 1.223 Thread 0x0000026ea90fd370 Thread added: 0x0000026ea90fd370
Event: 1.304 Thread 0x0000026e84c5dff0 Thread exited: 0x0000026e84c5dff0
Event: 1.304 Thread 0x0000026ea90fd8c0 Thread added: 0x0000026ea90fd8c0


Dynamic libraries:
0x00007ff71d200000 - 0x00007ff71d210000 	C:\Program Files\Java\jdk-19\bin\java.exe
0x00007ffa75130000 - 0x00007ffa75328000 	C:\WINDOWS\SYSTEM32\ntdll.dll
0x00007ffa73660000 - 0x00007ffa7371f000 	C:\WINDOWS\System32\KERNEL32.DLL
0x00007ffa72e60000 - 0x00007ffa73132000 	C:\WINDOWS\System32\KERNELBASE.dll
0x00007ffa72a90000 - 0x00007ffa72b90000 	C:\WINDOWS\System32\ucrtbase.dll
0x00007ffa625e0000 - 0x00007ffa625fb000 	C:\Program Files\Java\jdk-19\bin\VCRUNTIME140.dll
0x00007ffa63520000 - 0x00007ffa63538000 	C:\Program Files\Java\jdk-19\bin\jli.dll
0x00007ffa73300000 - 0x00007ffa733ae000 	C:\WINDOWS\System32\ADVAPI32.dll
0x00007ffa733b0000 - 0x00007ffa7344e000 	C:\WINDOWS\System32\msvcrt.dll
0x00007ffa73450000 - 0x00007ffa734ec000 	C:\WINDOWS\System32\sechost.dll
0x00007ffa73170000 - 0x00007ffa73295000 	C:\WINDOWS\System32\RPCRT4.dll
0x00007ffa74d60000 - 0x00007ffa74f01000 	C:\WINDOWS\System32\USER32.dll
0x00007ffa50b30000 - 0x00007ffa50dca000 	C:\WINDOWS\WinSxS\amd64_microsoft.windows.common-controls_6595b64144ccf1df_6.0.19041.1110_none_60b5254171f9507e\COMCTL32.dll
0x00007ffa73140000 - 0x00007ffa73162000 	C:\WINDOWS\System32\win32u.dll
0x00007ffa74f10000 - 0x00007ffa74f3b000 	C:\WINDOWS\System32\GDI32.dll
0x00007ffa72d50000 - 0x00007ffa72e5f000 	C:\WINDOWS\System32\gdi32full.dll
0x00007ffa72b90000 - 0x00007ffa72c2d000 	C:\WINDOWS\System32\msvcp_win.dll
0x00007ffa69760000 - 0x00007ffa6976a000 	C:\WINDOWS\SYSTEM32\VERSION.dll
0x00007ffa738d0000 - 0x00007ffa73902000 	C:\WINDOWS\System32\IMM32.DLL
0x00007ffa6bd80000 - 0x00007ffa6bd8c000 	C:\Program Files\Java\jdk-19\bin\vcruntime140_1.dll
0x00007ffa5ce60000 - 0x00007ffa5ceee000 	C:\Program Files\Java\jdk-19\bin\msvcp140.dll
0x00007ffa2ed10000 - 0x00007ffa2f9d0000 	C:\Program Files\Java\jdk-19\bin\server\jvm.dll
0x00007ffa6df30000 - 0x00007ffa6df39000 	C:\WINDOWS\SYSTEM32\WSOCK32.dll
0x00007ffa746b0000 - 0x00007ffa7471b000 	C:\WINDOWS\System32\WS2_32.dll
0x00007ffa508b0000 - 0x00007ffa508d7000 	C:\WINDOWS\SYSTEM32\WINMM.dll
0x00007ffa70600000 - 0x00007ffa70612000 	C:\WINDOWS\SYSTEM32\kernel.appcore.dll
0x00007ffa6bc40000 - 0x00007ffa6bc4a000 	C:\Program Files\Java\jdk-19\bin\jimage.dll
0x00007ffa69300000 - 0x00007ffa694e4000 	C:\WINDOWS\SYSTEM32\DBGHELP.DLL
0x00007ffa67f10000 - 0x00007ffa67f45000 	C:\WINDOWS\SYSTEM32\dbgcore.DLL
0x00007ffa72870000 - 0x00007ffa728f2000 	C:\WINDOWS\System32\bcryptPrimitives.dll
0x00007ffa61290000 - 0x00007ffa612cc000 	C:\Program Files\Java\jdk-19\bin\jdwp.dll
0x00007ffa61790000 - 0x00007ffa617b6000 	C:\Program Files\Java\jdk-19\bin\java.dll
0x00007ffa5c2c0000 - 0x00007ffa5c397000 	C:\Program Files\Java\jdk-19\bin\jsvml.dll
0x00007ffa73f60000 - 0x00007ffa746a4000 	C:\WINDOWS\System32\SHELL32.dll
0x00007ffa708e0000 - 0x00007ffa71072000 	C:\WINDOWS\SYSTEM32\windows.storage.dll
0x00007ffa73910000 - 0x00007ffa73c65000 	C:\WINDOWS\System32\combase.dll
0x00007ffa72280000 - 0x00007ffa722b0000 	C:\WINDOWS\SYSTEM32\Wldp.dll
0x00007ffa735b0000 - 0x00007ffa7365d000 	C:\WINDOWS\System32\SHCORE.dll
0x00007ffa73550000 - 0x00007ffa735a5000 	C:\WINDOWS\System32\shlwapi.dll
0x00007ffa72760000 - 0x00007ffa7277f000 	C:\WINDOWS\SYSTEM32\profapi.dll
0x00007ffa6bc00000 - 0x00007ffa6bc0c000 	C:\Program Files\Java\jdk-19\bin\dt_socket.dll
0x00007ffa71bf0000 - 0x00007ffa71c2b000 	C:\WINDOWS\SYSTEM32\IPHLPAPI.DLL
0x00007ffa71f70000 - 0x00007ffa71fda000 	C:\WINDOWS\system32\mswsock.dll
0x00007ffa71ca0000 - 0x00007ffa71d6a000 	C:\WINDOWS\SYSTEM32\DNSAPI.dll
0x00007ffa74d50000 - 0x00007ffa74d58000 	C:\WINDOWS\System32\NSI.dll
0x00007ffa61ba0000 - 0x00007ffa61baa000 	C:\Windows\System32\rasadhlp.dll
0x00007ffa62420000 - 0x00007ffa624a0000 	C:\WINDOWS\System32\fwpuclnt.dll
0x00007ffa72900000 - 0x00007ffa72927000 	C:\WINDOWS\System32\bcrypt.dll

dbghelp: loaded successfully - version: 4.0.5 - missing functions: none
symbol engine: initialized successfully - sym options: 0x614 - pdb path: .;C:\Program Files\Java\jdk-19\bin;C:\WINDOWS\SYSTEM32;C:\WINDOWS\WinSxS\amd64_microsoft.windows.common-controls_6595b64144ccf1df_6.0.19041.1110_none_60b5254171f9507e;C:\Program Files\Java\jdk-19\bin\server

VM Arguments:
jvm_args: -agentlib:jdwp=transport=dt_socket,server=n,suspend=y,address=localhost:61326 --enable-preview -XX:+ShowCodeDetailsInExceptionMessages 
java_command: pattern
java_class_path (initial): C:\Users\satya\AppData\Roaming\Code\User\workspaceStorage\19fb0d5f9c96d9de60bccc9f9fa5ad23\redhat.java\jdt_ws\java form srk_8345b15f\bin;c:\Users\satya\OneDrive\Desktop\JAVA\java form srk\lib\jcommander-1.82.jar;c:\Users\satya\OneDrive\Desktop\JAVA\java form srk\lib\slf4j-api-1.7.36.jar;c:\Users\satya\OneDrive\Desktop\JAVA\java form srk\lib\testng-7.7.1.jar
Launcher Type: SUN_STANDARD

[Global flags]
     intx CICompilerCount                          = 3                                         {product} {ergonomic}
     uint ConcGCThreads                            = 1                                         {product} {ergonomic}
     uint G1ConcRefinementThreads                  = 4                                         {product} {ergonomic}
   size_t G1HeapRegionSize                         = 1048576                                   {product} {ergonomic}
    uintx GCDrainStackTargetSize                   = 64                                        {product} {ergonomic}
   size_t InitialHeapSize                          = 134217728                                 {product} {ergonomic}
   size_t MarkStackSize                            = 4194304                                   {product} {ergonomic}
   size_t MaxHeapSize                              = 2116026368                                {product} {ergonomic}
   size_t MaxNewSize                               = 1268776960                                {product} {ergonomic}
   size_t MinHeapDeltaBytes                        = 1048576                                   {product} {ergonomic}
   size_t MinHeapSize                              = 8388608                                   {product} {ergonomic}
    uintx NonNMethodCodeHeapSize                   = 5832780                                {pd product} {ergonomic}
    uintx NonProfiledCodeHeapSize                  = 122912730                              {pd product} {ergonomic}
    uintx ProfiledCodeHeapSize                     = 122912730                              {pd product} {ergonomic}
    uintx ReservedCodeCacheSize                    = 251658240                              {pd product} {ergonomic}
     bool SegmentedCodeCache                       = true                                      {product} {ergonomic}
     bool ShowCodeDetailsInExceptionMessages       = true                                   {manageable} {command line}
   size_t SoftMaxHeapSize                          = 2116026368                             {manageable} {ergonomic}
     bool UseCompressedClassPointers               = true                           {product lp64_product} {ergonomic}
     bool UseCompressedOops                        = true                           {product lp64_product} {ergonomic}
     bool UseG1GC                                  = true                                      {product} {ergonomic}
     bool UseLargePagesIndividualAllocation        = false                                  {pd product} {ergonomic}

Logging:
Log output configuration:
 #0: stdout all=warning uptime,level,tags foldmultilines=false
 #1: stderr all=off uptime,level,tags foldmultilines=false

Environment Variables:
JAVA_HOME=C:\Program Files\Java\jdk-19
PATH=C:\Program Files\Common Files\Oracle\Java\javapath;C:\Python311\Scripts\;C:\Python311\;C:\WINDOWS\system32;C:\WINDOWS;C:\WINDOWS\System32\Wbem;C:\WINDOWS\System32\WindowsPowerShell\v1.0\;C:\WINDOWS\System32\OpenSSH\;C:\Program Files\nodejs\;C:\ProgramData\chocolatey\bin;C:\Program Files\Java\jdk-19\bin;C:\Program Files\Common Files\Oracle\Java\javapath;C:\Users\satya\AppData\Local\Microsoft\WindowsApps;;C:\Users\satya\AppData\Local\Programs\Microsoft VS Code\bin;C:\Users\satya\AppData\Roaming\npm
USERNAME=satya
LANG=en_US.UTF-8
OS=Windows_NT
PROCESSOR_IDENTIFIER=Intel64 Family 6 Model 78 Stepping 3, GenuineIntel
TMP=C:\Users\satya\AppData\Local\Temp
TEMP=C:\Users\satya\AppData\Local\Temp



---------------  S Y S T E M  ---------------

OS:
 Windows 10 , 64 bit Build 19041 (10.0.19041.2364)
OS uptime: 0 days 4:01 hours

CPU: total 4 (initial active 4) (2 cores per cpu, 2 threads per core) family 6 model 78 stepping 3 microcode 0xcc, cx8, cmov, fxsr, ht, mmx, 3dnowpref, sse, sse2, sse3, ssse3, sse4.1, sse4.2, popcnt, lzcnt, tsc, tscinvbit, avx, avx2, aes, erms, clmul, bmi1, bmi2, adx, fma, vzeroupper, clflush, clflushopt, rdtscp

Memory: 4k page, system-wide physical 8066M (1383M free)
TotalPageFile size 9986M (AvailPageFile size 1294M)
current process WorkingSet (physical memory assigned to process): 28M, peak: 28M
current process commit charge ("private bytes"): 202M, peak: 202M

vm_info: Java HotSpot(TM) 64-Bit Server VM (19.0.2+7-44) for windows-amd64 JRE (19.0.2+7-44), built on 2022-11-30T18:02:09Z by "mach5one" with MS VC++ 17.1 (VS2022)

END.
